<?xml version="1.0" encoding="UTF-8"?>
<!-- Generated by org.testng.reporters.JUnitReportReporter -->
<testsuite skipped="0" hostname="Venkatramanas-MacBook-Air.local" name="com.walmart.ecom.ui.tests.AppliancesTests" tests="2" failures="0" timestamp="12 Jan 2019 21:52:25 GMT" time="12.591" errors="0">
  <testcase name="verifyApp" time="6.294" classname="com.walmart.ecom.ui.tests.AppliancesTests"/>
  <testcase name="verifyApp" time="6.297" classname="com.walmart.ecom.ui.tests.AppliancesTests"/>
</testsuite> <!-- com.walmart.ecom.ui.tests.AppliancesTests -->
